<?xml version="1.0" encoding="UTF-8"?>
<testng-results skipped="0" failed="0" ignored="0" total="1" passed="1">
  <reporter-output>
  </reporter-output>
  <suite name="Default suite" duration-ms="138017" started-at="2019-05-09T12:29:21Z" finished-at="2019-05-09T12:31:39Z">
    <groups>
    </groups>
    <test name="Default test" duration-ms="138017" started-at="2019-05-09T12:29:21Z" finished-at="2019-05-09T12:31:39Z">
      <class name="Demo.MyDutiesDemo">
        <test-method status="PASS" signature="Demo()[pri:0, instance:Demo.MyDutiesDemo@43814d18]" name="Demo" duration-ms="137986" started-at="2019-05-09T17:59:21Z" finished-at="2019-05-09T18:01:39Z">
          <reporter-output>
          </reporter-output>
        </test-method> <!-- Demo -->
      </class> <!-- Demo.MyDutiesDemo -->
    </test> <!-- Default test -->
  </suite> <!-- Default suite -->
</testng-results>
